C:\USERS\TYLER\DOCUMENTS\VISUAL STUDIO 2012\PROJECTS\CONSOLEAPPLICATION2\CONSOLEAPPLICATION2\DEBUG\SOURCE.OBJ
C:\USERS\TYLER\DOCUMENTS\VISUAL STUDIO 2012\PROJECTS\CONSOLEAPPLICATION2\CONSOLEAPPLICATION2\DEBUG\VC110.PDB
C:\USERS\TYLER\DOCUMENTS\VISUAL STUDIO 2012\PROJECTS\CONSOLEAPPLICATION2\CONSOLEAPPLICATION2\DEBUG\SOURCE1.OBJ
C:\USERS\TYLER\DOCUMENTS\VISUAL STUDIO 2012\PROJECTS\CONSOLEAPPLICATION2\DEBUG\CONSOLEAPPLICATION2.ILK
C:\USERS\TYLER\DOCUMENTS\VISUAL STUDIO 2012\PROJECTS\CONSOLEAPPLICATION2\DEBUG\CONSOLEAPPLICATION2.EXE
C:\USERS\TYLER\DOCUMENTS\VISUAL STUDIO 2012\PROJECTS\CONSOLEAPPLICATION2\DEBUG\CONSOLEAPPLICATION2.PDB
c:\Users\Tyler\documents\visual studio 2012\Projects\ConsoleApplication2\ConsoleApplication2\Debug\Source.obj
c:\Users\Tyler\documents\visual studio 2012\Projects\ConsoleApplication2\ConsoleApplication2\Debug\Source1.obj
c:\Users\Tyler\documents\visual studio 2012\Projects\ConsoleApplication2\ConsoleApplication2\Debug\cl.command.1.tlog
c:\Users\Tyler\documents\visual studio 2012\Projects\ConsoleApplication2\ConsoleApplication2\Debug\CL.read.1.tlog
c:\Users\Tyler\documents\visual studio 2012\Projects\ConsoleApplication2\ConsoleApplication2\Debug\CL.write.1.tlog
c:\Users\Tyler\documents\visual studio 2012\Projects\ConsoleApplication2\ConsoleApplication2\Debug\link-cvtres.read.1.tlog
c:\Users\Tyler\documents\visual studio 2012\Projects\ConsoleApplication2\ConsoleApplication2\Debug\link-cvtres.write.1.tlog
c:\Users\Tyler\documents\visual studio 2012\Projects\ConsoleApplication2\ConsoleApplication2\Debug\link-rc.read.1.tlog
c:\Users\Tyler\documents\visual studio 2012\Projects\ConsoleApplication2\ConsoleApplication2\Debug\link-rc.write.1.tlog
c:\Users\Tyler\documents\visual studio 2012\Projects\ConsoleApplication2\ConsoleApplication2\Debug\link.6868-cvtres.read.1.tlog
c:\Users\Tyler\documents\visual studio 2012\Projects\ConsoleApplication2\ConsoleApplication2\Debug\link.6868-cvtres.write.1.tlog
c:\Users\Tyler\documents\visual studio 2012\Projects\ConsoleApplication2\ConsoleApplication2\Debug\link.6868-rc.read.1.tlog
c:\Users\Tyler\documents\visual studio 2012\Projects\ConsoleApplication2\ConsoleApplication2\Debug\link.6868-rc.write.1.tlog
c:\Users\Tyler\documents\visual studio 2012\Projects\ConsoleApplication2\ConsoleApplication2\Debug\link.6868.read.1.tlog
c:\Users\Tyler\documents\visual studio 2012\Projects\ConsoleApplication2\ConsoleApplication2\Debug\link.6868.write.1.tlog
c:\Users\Tyler\documents\visual studio 2012\Projects\ConsoleApplication2\ConsoleApplication2\Debug\link.command.1.tlog
c:\Users\Tyler\documents\visual studio 2012\Projects\ConsoleApplication2\ConsoleApplication2\Debug\link.read.1.tlog
c:\Users\Tyler\documents\visual studio 2012\Projects\ConsoleApplication2\ConsoleApplication2\Debug\link.write.1.tlog
c:\Users\Tyler\documents\visual studio 2012\Projects\ConsoleApplication2\ConsoleApplication2\Debug\vc110.idb
c:\Users\Tyler\documents\visual studio 2012\Projects\ConsoleApplication2\ConsoleApplication2\Debug\vc110.pdb
c:\users\tyler\documents\visual studio 2012\Projects\ConsoleApplication2\Debug\ConsoleApplication2.pdb
c:\users\tyler\documents\visual studio 2012\Projects\ConsoleApplication2\Debug\ConsoleApplication2.exe
c:\users\tyler\documents\visual studio 2012\Projects\ConsoleApplication2\Debug\ConsoleApplication2.ilk
