C:\USERS\TYLER\DOCUMENTS\VISUAL STUDIO 2012\PROJECTS\LISTEN\CONSOLEAPPLICATION2\DEBUG\AUDIO.OBJ
C:\USERS\TYLER\DOCUMENTS\VISUAL STUDIO 2012\PROJECTS\LISTEN\CONSOLEAPPLICATION2\DEBUG\SOURCE.OBJ
C:\USERS\TYLER\DOCUMENTS\VISUAL STUDIO 2012\PROJECTS\LISTEN\CONSOLEAPPLICATION2\DEBUG\VC110.PDB
C:\USERS\TYLER\DOCUMENTS\VISUAL STUDIO 2012\PROJECTS\LISTEN\CONSOLEAPPLICATION2\DEBUG\SOURCE1.OBJ
C:\USERS\TYLER\DOCUMENTS\VISUAL STUDIO 2012\PROJECTS\LISTEN\DEBUG\LISTEN.ILK
C:\USERS\TYLER\DOCUMENTS\VISUAL STUDIO 2012\PROJECTS\LISTEN\DEBUG\LISTEN.EXE
C:\USERS\TYLER\DOCUMENTS\VISUAL STUDIO 2012\PROJECTS\LISTEN\DEBUG\LISTEN.PDB
C:\Users\Tyler\Documents\Visual Studio 2012\Projects\Listen\ConsoleApplication2\Debug\audio.obj
C:\Users\Tyler\Documents\Visual Studio 2012\Projects\Listen\ConsoleApplication2\Debug\Source.obj
C:\Users\Tyler\Documents\Visual Studio 2012\Projects\Listen\ConsoleApplication2\Debug\Source1.obj
C:\Users\Tyler\Documents\Visual Studio 2012\Projects\Listen\ConsoleApplication2\Debug\cl.command.1.tlog
C:\Users\Tyler\Documents\Visual Studio 2012\Projects\Listen\ConsoleApplication2\Debug\CL.read.1.tlog
C:\Users\Tyler\Documents\Visual Studio 2012\Projects\Listen\ConsoleApplication2\Debug\CL.write.1.tlog
C:\Users\Tyler\Documents\Visual Studio 2012\Projects\Listen\ConsoleApplication2\Debug\link-cvtres.read.1.tlog
C:\Users\Tyler\Documents\Visual Studio 2012\Projects\Listen\ConsoleApplication2\Debug\link-cvtres.write.1.tlog
C:\Users\Tyler\Documents\Visual Studio 2012\Projects\Listen\ConsoleApplication2\Debug\link-rc.read.1.tlog
C:\Users\Tyler\Documents\Visual Studio 2012\Projects\Listen\ConsoleApplication2\Debug\link-rc.write.1.tlog
C:\Users\Tyler\Documents\Visual Studio 2012\Projects\Listen\ConsoleApplication2\Debug\link.command.1.tlog
C:\Users\Tyler\Documents\Visual Studio 2012\Projects\Listen\ConsoleApplication2\Debug\link.read.1.tlog
C:\Users\Tyler\Documents\Visual Studio 2012\Projects\Listen\ConsoleApplication2\Debug\link.write.1.tlog
C:\Users\Tyler\Documents\Visual Studio 2012\Projects\Listen\ConsoleApplication2\Debug\vc110.idb
C:\Users\Tyler\Documents\Visual Studio 2012\Projects\Listen\ConsoleApplication2\Debug\vc110.pdb
C:\Users\Tyler\Documents\Visual Studio 2012\Projects\Listen\Debug\Listen.pdb
C:\Users\Tyler\Documents\Visual Studio 2012\Projects\Listen\Debug\Listen.exe
C:\Users\Tyler\Documents\Visual Studio 2012\Projects\Listen\Debug\Listen.ilk
